<?xml version="1.0" encoding="UTF-8"?>
<!-- Generated by org.testng.reporters.JUnitXMLReporter -->
<testsuite hostname="Dell123" ignored="2" name="Test" tests="2" failures="2" timestamp="2023-01-30T10:46:39 IST" time="12.165" errors="0">
  <testcase name="identifyLogoField" time="12.102" classname="Listeners.Login">
    <failure type="org.openqa.selenium.WebDriverException" message="unknown error: Chrome failed to start: exited normally.
  (unknown error: DevToolsActivePort file doesn&amp;apos;t exist)
  (The process started from chrome location C:\Program Files\Google\Chrome\Application\chrome.exe is no longer running, so ChromeDriver is assuming that Chrome has crashed.)
Build info: version: &amp;apos;3.141.59&amp;apos;, revision: &amp;apos;e82be7d358&amp;apos;, time: &amp;apos;2018-11-14T08:25:48&amp;apos;
System info: host: &amp;apos;DELL123&amp;apos;, ip: &amp;apos;192.168.221.114&amp;apos;, os.name: &amp;apos;Windows 8.1&amp;apos;, os.arch: &amp;apos;amd64&amp;apos;, os.version: &amp;apos;6.3&amp;apos;, java.version: &amp;apos;1.8.0_202&amp;apos;
Driver info: driver.version: ChromeDriver
remote stacktrace: Backtrace:
	(No symbol) [0x0056E563]
	(No symbol) [0x004F7FC1]
	(No symbol) [0x003ED04D]
	(No symbol) [0x0040C24E]
	(No symbol) [0x004082E9]
	(No symbol) [0x0043F056]
	(No symbol) [0x0043EB2A]
	(No symbol) [0x00438386]
	(No symbol) [0x0041163C]
	(No symbol) [0x0041269D]
	GetHandleVerifier [0x00809B82+2658722]
	GetHandleVerifier [0x007FCB84+2605476]
	GetHandleVerifier [0x0061825A+620666]
	GetHandleVerifier [0x00616E80+615584]
	(No symbol) [0x005005EC]
	(No symbol) [0x00505958]
	(No symbol) [0x00505A45]
	(No symbol) [0x0051050B]
	BaseThreadInitThunk [0x77476A14+36]
	RtlInitializeExceptionChain [0x77ACA9EF+143]
	RtlInitializeExceptionChain [0x77ACA9BA+90]
">
      <![CDATA[org.openqa.selenium.WebDriverException: unknown error: Chrome failed to start: exited normally.
  (unknown error: DevToolsActivePort file doesn't exist)
  (The process started from chrome location C:\Program Files\Google\Chrome\Application\chrome.exe is no longer running, so ChromeDriver is assuming that Chrome has crashed.)
Build info: version: '3.141.59', revision: 'e82be7d358', time: '2018-11-14T08:25:48'
System info: host: 'DELL123', ip: '192.168.221.114', os.name: 'Windows 8.1', os.arch: 'amd64', os.version: '6.3', java.version: '1.8.0_202'
Driver info: driver.version: ChromeDriver
remote stacktrace: Backtrace:
(No symbol) [0x0056E563]
(No symbol) [0x004F7FC1]
(No symbol) [0x003ED04D]
(No symbol) [0x0040C24E]
(No symbol) [0x004082E9]
(No symbol) [0x0043F056]
(No symbol) [0x0043EB2A]
(No symbol) [0x00438386]
(No symbol) [0x0041163C]
(No symbol) [0x0041269D]
GetHandleVerifier [0x00809B82+2658722]
GetHandleVerifier [0x007FCB84+2605476]
GetHandleVerifier [0x0061825A+620666]
GetHandleVerifier [0x00616E80+615584]
(No symbol) [0x005005EC]
(No symbol) [0x00505958]
(No symbol) [0x00505A45]
(No symbol) [0x0051050B]
BaseThreadInitThunk [0x77476A14+36]
RtlInitializeExceptionChain [0x77ACA9EF+143]
RtlInitializeExceptionChain [0x77ACA9BA+90]

at org.openqa.selenium.remote.W3CHandshakeResponse.lambda$errorHandler$0(W3CHandshakeResponse.java:62)
at org.openqa.selenium.remote.HandshakeResponse.lambda$getResponseFunction$0(HandshakeResponse.java:30)
at org.openqa.selenium.remote.ProtocolHandshake.lambda$createSession$0(ProtocolHandshake.java:126)
at java.util.stream.ReferencePipeline$3$1.accept(Unknown Source)
at java.util.Spliterators$ArraySpliterator.tryAdvance(Unknown Source)
at java.util.stream.ReferencePipeline.forEachWithCancel(Unknown Source)
at java.util.stream.AbstractPipeline.copyIntoWithCancel(Unknown Source)
at java.util.stream.AbstractPipeline.copyInto(Unknown Source)
at java.util.stream.AbstractPipeline.wrapAndCopyInto(Unknown Source)
at java.util.stream.FindOps$FindOp.evaluateSequential(Unknown Source)
at java.util.stream.AbstractPipeline.evaluate(Unknown Source)
at java.util.stream.ReferencePipeline.findFirst(Unknown Source)
at org.openqa.selenium.remote.ProtocolHandshake.createSession(ProtocolHandshake.java:128)
at org.openqa.selenium.remote.ProtocolHandshake.createSession(ProtocolHandshake.java:74)
at org.openqa.selenium.remote.HttpCommandExecutor.execute(HttpCommandExecutor.java:136)
at org.openqa.selenium.remote.service.DriverCommandExecutor.execute(DriverCommandExecutor.java:83)
at org.openqa.selenium.remote.RemoteWebDriver.execute(RemoteWebDriver.java:552)
at org.openqa.selenium.remote.RemoteWebDriver.startSession(RemoteWebDriver.java:213)
at org.openqa.selenium.remote.RemoteWebDriver.<init>(RemoteWebDriver.java:131)
at org.openqa.selenium.chrome.ChromeDriver.<init>(ChromeDriver.java:181)
at org.openqa.selenium.chrome.ChromeDriver.<init>(ChromeDriver.java:168)
at org.openqa.selenium.chrome.ChromeDriver.<init>(ChromeDriver.java:123)
at Listeners.Login.identifyLogoField(Login.java:33)
at java.util.ArrayList.forEach(Unknown Source)
... Removed 31 stack frames]]>
    </failure>
  </testcase> <!-- identifyLogoField -->
  <testcase name="identifyLogoField" time="12.125" classname="Listeners.Login">
    <failure type="java.lang.NullPointerException">
      <![CDATA[java.lang.NullPointerException
at PracticeScenario.BaseTestutil.screenShot(BaseTestutil.java:112)
at Listeners.Listeners.onTestFailure(Listeners.java:18)
at java.util.ArrayList.forEach(Unknown Source)
... Removed 24 stack frames]]>
    </failure>
  </testcase> <!-- identifyLogoField -->
  <testcase name="TC1" time="0.0" classname="Listeners.Login">
    <ignored/>
  </testcase> <!-- TC1 -->
  <testcase name="TC2" time="0.0" classname="Listeners.Login">
    <ignored/>
  </testcase> <!-- TC2 -->
</testsuite> <!-- Test -->
