<?xml version="1.0" encoding="UTF-8"?>
<!-- Generated by org.testng.reporters.JUnitXMLReporter -->
<testsuite hostname="Dell123" ignored="37" name="Test1" tests="1" failures="0" timestamp="2023-08-02T22:53:00 IST" time="21.573" errors="0">
  <testcase name="@BeforeMethod setUp" time="21.389" classname="PracticeScenario.BaseTestutil">
    <failure type="org.openqa.selenium.WebDriverException" message="Timed out waiting for driver server to start.
Build info: version: &amp;apos;3.141.59&amp;apos;, revision: &amp;apos;e82be7d358&amp;apos;, time: &amp;apos;2018-11-14T08:25:48&amp;apos;
System info: host: &amp;apos;DELL123&amp;apos;, ip: &amp;apos;192.168.111.114&amp;apos;, os.name: &amp;apos;Windows 8.1&amp;apos;, os.arch: &amp;apos;amd64&amp;apos;, os.version: &amp;apos;6.3&amp;apos;, java.version: &amp;apos;1.8.0_202&amp;apos;
Driver info: driver.version: ChromeDriver">
      <![CDATA[org.openqa.selenium.WebDriverException: Timed out waiting for driver server to start.
Build info: version: '3.141.59', revision: 'e82be7d358', time: '2018-11-14T08:25:48'
System info: host: 'DELL123', ip: '192.168.111.114', os.name: 'Windows 8.1', os.arch: 'amd64', os.version: '6.3', java.version: '1.8.0_202'
Driver info: driver.version: ChromeDriver
at org.openqa.selenium.remote.service.DriverService.waitUntilAvailable(DriverService.java:202)
at org.openqa.selenium.remote.service.DriverService.start(DriverService.java:188)
at org.openqa.selenium.remote.service.DriverCommandExecutor.execute(DriverCommandExecutor.java:79)
at org.openqa.selenium.remote.RemoteWebDriver.execute(RemoteWebDriver.java:552)
at org.openqa.selenium.remote.RemoteWebDriver.startSession(RemoteWebDriver.java:213)
at org.openqa.selenium.remote.RemoteWebDriver.<init>(RemoteWebDriver.java:131)
at org.openqa.selenium.chrome.ChromeDriver.<init>(ChromeDriver.java:181)
at org.openqa.selenium.chrome.ChromeDriver.<init>(ChromeDriver.java:168)
at org.openqa.selenium.chrome.ChromeDriver.<init>(ChromeDriver.java:123)
at PracticeScenario.BaseTestutil.setUp(BaseTestutil.java:41)
at java.util.ArrayList.forEach(Unknown Source)
at java.util.concurrent.FutureTask.run(Unknown Source)
at java.util.concurrent.ThreadPoolExecutor.runWorker(Unknown Source)
at java.util.concurrent.ThreadPoolExecutor$Worker.run(Unknown Source)
at java.lang.Thread.run(Unknown Source)
Caused by: org.openqa.selenium.net.UrlChecker$TimeoutException: Timed out waiting for [http://localhost:30913/status] to be available after 20003 ms
at org.openqa.selenium.net.UrlChecker.waitUntilAvailable(UrlChecker.java:100)
at org.openqa.selenium.remote.service.DriverService.waitUntilAvailable(DriverService.java:197)
... 36 more
Caused by: java.util.concurrent.TimeoutException
at java.util.concurrent.FutureTask.get(Unknown Source)
at com.google.common.util.concurrent.SimpleTimeLimiter.callWithTimeout(SimpleTimeLimiter.java:156)
at org.openqa.selenium.net.UrlChecker.waitUntilAvailable(UrlChecker.java:75)
... 37 more
... Removed 22 stack frames]]>
    </failure>
  </testcase> <!-- @BeforeMethod setUp -->
  <testcase name="@AfterMethod tearDown" time="-1.690996979571E9" classname="PracticeScenario.BaseTestutil">
    <skipped/>
  </testcase> <!-- @AfterMethod tearDown -->
  <testcase name="cookies" time="0.0" classname="PracticeScenario.TestDemo">
    <skipped/>
  </testcase> <!-- cookies -->
  <testcase name="Assertion" time="0.0" classname="PracticeScenario.TestDemo">
    <ignored/>
  </testcase> <!-- Assertion -->
  <testcase name="sliderByPawanSir" time="0.0" classname="PracticeScenario.TestDemo">
    <ignored/>
  </testcase> <!-- sliderByPawanSir -->
  <testcase name="webTableHandlingByPawanSir" time="0.0" classname="PracticeScenario.TestDemo">
    <ignored/>
  </testcase> <!-- webTableHandlingByPawanSir -->
  <testcase name="HardAssertUse" time="0.0" classname="PracticeScenario.TestDemo">
    <ignored/>
  </testcase> <!-- HardAssertUse -->
  <testcase name="fileyUploadingWithJavascriptExecutorByPawanSir" time="0.0" classname="PracticeScenario.TestDemo">
    <ignored/>
  </testcase> <!-- fileyUploadingWithJavascriptExecutorByPawanSir -->
  <testcase name="multiKeyboardAction" time="0.0" classname="PracticeScenario.TestDemo">
    <ignored/>
  </testcase> <!-- multiKeyboardAction -->
  <testcase name="validateTextBy" time="0.0" classname="PracticeScenario.TestDemo">
    <ignored/>
  </testcase> <!-- validateTextBy -->
  <testcase name="ScrollDownByJavaScriptExecutor" time="0.0" classname="PracticeScenario.TestDemo">
    <ignored/>
  </testcase> <!-- ScrollDownByJavaScriptExecutor -->
  <testcase name="allConditionalMethod" time="0.0" classname="PracticeScenario.TestDemo">
    <ignored/>
  </testcase> <!-- allConditionalMethod -->
  <testcase name="handleCheckboxByPawanSir" time="0.0" classname="PracticeScenario.TestDemo">
    <ignored/>
  </testcase> <!-- handleCheckboxByPawanSir -->
  <testcase name="rightclickByPawanSir" time="0.0" classname="PracticeScenario.TestDemo">
    <ignored/>
  </testcase> <!-- rightclickByPawanSir -->
  <testcase name="LinkTextandPartialLinkText" time="0.0" classname="PracticeScenario.TestDemo">
    <ignored/>
  </testcase> <!-- LinkTextandPartialLinkText -->
  <testcase name="allTheLinkOnWebApplication" time="0.0" classname="PracticeScenario.TestDemo">
    <ignored/>
  </testcase> <!-- allTheLinkOnWebApplication -->
  <testcase name="fileUploadByWithSendkeysByPawanSir" time="0.0" classname="PracticeScenario.TestDemo">
    <ignored/>
  </testcase> <!-- fileUploadByWithSendkeysByPawanSir -->
  <testcase name="mouseHoverWithClickByPawanSir" time="0.0" classname="PracticeScenario.TestDemo">
    <ignored/>
  </testcase> <!-- mouseHoverWithClickByPawanSir -->
  <testcase name="fileUploadByWithRobotClassByPawanSir" time="0.0" classname="PracticeScenario.TestDemo">
    <ignored/>
  </testcase> <!-- fileUploadByWithRobotClassByPawanSir -->
  <testcase name="handlingAutoSuggetionPopupwithPOM" time="0.0" classname="PracticeScenario.TestDemo">
    <ignored/>
  </testcase> <!-- handlingAutoSuggetionPopupwithPOM -->
  <testcase name="useOfJavaScriptExecutorUtilDrawBorder" time="0.0" classname="PracticeScenario.TestDemo">
    <ignored/>
  </testcase> <!-- useOfJavaScriptExecutorUtilDrawBorder -->
  <testcase name="doubletClickByPawanSir" time="0.0" classname="PracticeScenario.TestDemo">
    <ignored/>
  </testcase> <!-- doubletClickByPawanSir -->
  <testcase name="keyboardaction" time="0.0" classname="PracticeScenario.TestDemo">
    <ignored/>
  </testcase> <!-- keyboardaction -->
  <testcase name="writingTheScriptInPOM" time="0.0" classname="PracticeScenario.TestDemo">
    <ignored/>
  </testcase> <!-- writingTheScriptInPOM -->
  <testcase name="identifyLogoField" time="0.0" classname="PracticeScenario.TestDemo">
    <ignored/>
  </testcase> <!-- identifyLogoField -->
  <testcase name="allNavigationCommand" time="0.0" classname="PracticeScenario.TestDemo">
    <ignored/>
  </testcase> <!-- allNavigationCommand -->
  <testcase name="checkBoxScenarioQuestion" time="0.0" classname="PracticeScenario.TestDemo">
    <ignored/>
  </testcase> <!-- checkBoxScenarioQuestion -->
  <testcase name="dragAndDropByPawanSir" time="0.0" classname="PracticeScenario.TestDemo">
    <ignored/>
  </testcase> <!-- dragAndDropByPawanSir -->
  <testcase name="getTextIsNotWorking" time="0.0" classname="PracticeScenario.TestDemo">
    <ignored/>
  </testcase> <!-- getTextIsNotWorking -->
  <testcase name="calenderTableHandlingByPawanSir" time="0.0" classname="PracticeScenario.TestDemo">
    <ignored/>
  </testcase> <!-- calenderTableHandlingByPawanSir -->
  <testcase name="useOfJavaScriptErUtilDrawBorder" time="0.0" classname="PracticeScenario.TestDemo">
    <ignored/>
  </testcase> <!-- useOfJavaScriptErUtilDrawBorder -->
  <testcase name="handlingAutoSuggetionPopups" time="0.0" classname="PracticeScenario.TestDemo">
    <ignored/>
  </testcase> <!-- handlingAutoSuggetionPopups -->
  <testcase name="reusableLoginMethodUse" time="0.0" classname="PracticeScenario.TestDemo">
    <ignored/>
  </testcase> <!-- reusableLoginMethodUse -->
  <testcase name="iframe" time="0.0" classname="PracticeScenario.TestDemo">
    <ignored/>
  </testcase> <!-- iframe -->
  <testcase name="capturingScreenShotByPawanSir" time="0.0" classname="PracticeScenario.TestDemo">
    <ignored/>
  </testcase> <!-- capturingScreenShotByPawanSir -->
  <testcase name="validateText" time="0.0" classname="PracticeScenario.TestDemo">
    <ignored/>
  </testcase> <!-- validateText -->
  <testcase name="toolTipByPawanSir" time="0.0" classname="PracticeScenario.TestDemo">
    <ignored/>
  </testcase> <!-- toolTipByPawanSir -->
  <testcase name="multiKeybrdAcon" time="0.0" classname="PracticeScenario.TestDemo">
    <ignored/>
  </testcase> <!-- multiKeybrdAcon -->
  <testcase name="validateTextByPagesourceMethod" time="0.0" classname="PracticeScenario.TestDemo">
    <ignored/>
  </testcase> <!-- validateTextByPagesourceMethod -->
  <testcase name="SoftAssertion" time="0.0" classname="PracticeScenario.TestDemo">
    <ignored/>
  </testcase> <!-- SoftAssertion -->
</testsuite> <!-- Test1 -->
