<?xml version="1.0" encoding="UTF-8"?>
<!-- Generated by org.testng.reporters.JUnitXMLReporter -->
<testsuite hostname="Dell123" ignored="3" name="Testing parameterization" tests="1" failures="1" timestamp="2023-06-05T22:47:45 IST" time="11.574" errors="0">
  <testcase name="TestCaseFour" time="11.401" classname="Parameterization.Parameterization">
    <failure type="org.openqa.selenium.SessionNotCreatedException" message="session not created: This version of ChromeDriver only supports Chrome version 103
Current browser version is 109.0.5414.141 with binary path C:\Program Files\Google\Chrome\Application\chrome.exe
Build info: version: &amp;apos;3.141.59&amp;apos;, revision: &amp;apos;e82be7d358&amp;apos;, time: &amp;apos;2018-11-14T08:25:48&amp;apos;
System info: host: &amp;apos;DELL123&amp;apos;, ip: &amp;apos;127.0.0.1&amp;apos;, os.name: &amp;apos;Windows 8.1&amp;apos;, os.arch: &amp;apos;amd64&amp;apos;, os.version: &amp;apos;6.3&amp;apos;, java.version: &amp;apos;1.8.0_202&amp;apos;
Driver info: driver.version: ChromeDriver
remote stacktrace: Backtrace:
	Ordinal0 [0x00E06463+2188387]
	Ordinal0 [0x00D9E461+1762401]
	Ordinal0 [0x00CB3D78+802168]
	Ordinal0 [0x00CD4E59+937561]
	Ordinal0 [0x00CD0A6C+920172]
	Ordinal0 [0x00CCE331+910129]
	Ordinal0 [0x00D01430+1119280]
	Ordinal0 [0x00D0108A+1118346]
	Ordinal0 [0x00CFC5F6+1099254]
	Ordinal0 [0x00CD6BE0+945120]
	Ordinal0 [0x00CD7AD6+948950]
	GetHandleVerifier [0x010A71F2+2712546]
	GetHandleVerifier [0x0109886D+2652765]
	GetHandleVerifier [0x00E9002A+520730]
	GetHandleVerifier [0x00E8EE06+516086]
	Ordinal0 [0x00DA468B+1787531]
	Ordinal0 [0x00DA8E88+1805960]
	Ordinal0 [0x00DA8F75+1806197]
	Ordinal0 [0x00DB1DF1+1842673]
	BaseThreadInitThunk [0x76A06A14+36]
	RtlInitializeExceptionChain [0x77C5A9EF+143]
	RtlInitializeExceptionChain [0x77C5A9BA+90]
">
      <![CDATA[org.openqa.selenium.SessionNotCreatedException: session not created: This version of ChromeDriver only supports Chrome version 103
Current browser version is 109.0.5414.141 with binary path C:\Program Files\Google\Chrome\Application\chrome.exe
Build info: version: '3.141.59', revision: 'e82be7d358', time: '2018-11-14T08:25:48'
System info: host: 'DELL123', ip: '127.0.0.1', os.name: 'Windows 8.1', os.arch: 'amd64', os.version: '6.3', java.version: '1.8.0_202'
Driver info: driver.version: ChromeDriver
remote stacktrace: Backtrace:
Ordinal0 [0x00E06463+2188387]
Ordinal0 [0x00D9E461+1762401]
Ordinal0 [0x00CB3D78+802168]
Ordinal0 [0x00CD4E59+937561]
Ordinal0 [0x00CD0A6C+920172]
Ordinal0 [0x00CCE331+910129]
Ordinal0 [0x00D01430+1119280]
Ordinal0 [0x00D0108A+1118346]
Ordinal0 [0x00CFC5F6+1099254]
Ordinal0 [0x00CD6BE0+945120]
Ordinal0 [0x00CD7AD6+948950]
GetHandleVerifier [0x010A71F2+2712546]
GetHandleVerifier [0x0109886D+2652765]
GetHandleVerifier [0x00E9002A+520730]
GetHandleVerifier [0x00E8EE06+516086]
Ordinal0 [0x00DA468B+1787531]
Ordinal0 [0x00DA8E88+1805960]
Ordinal0 [0x00DA8F75+1806197]
Ordinal0 [0x00DB1DF1+1842673]
BaseThreadInitThunk [0x76A06A14+36]
RtlInitializeExceptionChain [0x77C5A9EF+143]
RtlInitializeExceptionChain [0x77C5A9BA+90]

at org.openqa.selenium.remote.W3CHandshakeResponse.lambda$errorHandler$0(W3CHandshakeResponse.java:62)
at org.openqa.selenium.remote.HandshakeResponse.lambda$getResponseFunction$0(HandshakeResponse.java:30)
at org.openqa.selenium.remote.ProtocolHandshake.lambda$createSession$0(ProtocolHandshake.java:126)
at java.util.stream.ReferencePipeline$3$1.accept(Unknown Source)
at java.util.Spliterators$ArraySpliterator.tryAdvance(Unknown Source)
at java.util.stream.ReferencePipeline.forEachWithCancel(Unknown Source)
at java.util.stream.AbstractPipeline.copyIntoWithCancel(Unknown Source)
at java.util.stream.AbstractPipeline.copyInto(Unknown Source)
at java.util.stream.AbstractPipeline.wrapAndCopyInto(Unknown Source)
at java.util.stream.FindOps$FindOp.evaluateSequential(Unknown Source)
at java.util.stream.AbstractPipeline.evaluate(Unknown Source)
at java.util.stream.ReferencePipeline.findFirst(Unknown Source)
at org.openqa.selenium.remote.ProtocolHandshake.createSession(ProtocolHandshake.java:128)
at org.openqa.selenium.remote.ProtocolHandshake.createSession(ProtocolHandshake.java:74)
at org.openqa.selenium.remote.HttpCommandExecutor.execute(HttpCommandExecutor.java:136)
at org.openqa.selenium.remote.service.DriverCommandExecutor.execute(DriverCommandExecutor.java:83)
at org.openqa.selenium.remote.RemoteWebDriver.execute(RemoteWebDriver.java:552)
at org.openqa.selenium.remote.RemoteWebDriver.startSession(RemoteWebDriver.java:213)
at org.openqa.selenium.remote.RemoteWebDriver.<init>(RemoteWebDriver.java:131)
at org.openqa.selenium.chrome.ChromeDriver.<init>(ChromeDriver.java:181)
at org.openqa.selenium.chrome.ChromeDriver.<init>(ChromeDriver.java:168)
at org.openqa.selenium.chrome.ChromeDriver.<init>(ChromeDriver.java:123)
at Parameterization.Parameterization.TestCaseFour(Parameterization.java:39)
at java.util.ArrayList.forEach(Unknown Source)
... Removed 31 stack frames]]>
    </failure>
  </testcase> <!-- TestCaseFour -->
  <testcase name="TestCaseTwo" time="0.0" classname="Parameterization.Parameterization">
    <ignored/>
  </testcase> <!-- TestCaseTwo -->
  <testcase name="TestCasethree" time="0.0" classname="Parameterization.Parameterization">
    <ignored/>
  </testcase> <!-- TestCasethree -->
  <testcase name="TestCaseone" time="0.0" classname="Parameterization.Parameterization">
    <ignored/>
  </testcase> <!-- TestCaseone -->
</testsuite> <!-- Testing parameterization -->
