<?xml version="1.0" encoding="UTF-8"?>
<!-- Generated by org.testng.reporters.JUnitReportReporter -->
<testsuite skipped="3" hostname="Dell123" name="Parameterization.Parameterization" tests="4" failures="0" timestamp="2023-06-05T22:47:45 IST" time="11.401" errors="1">
  <testcase name="TestCaseFour" time="11.401" classname="Parameterization.Parameterization">
    <error type="org.openqa.selenium.SessionNotCreatedException" message="session not created: This version of ChromeDriver only supports Chrome version 103
Current browser version is 109.0.5414.141 with binary path C:\Program Files\Google\Chrome\Application\chrome.exe
Build info: version: &#039;3.141.59&#039;, revision: &#039;e82be7d358&#039;, time: &#039;2018-11-14T08:25:48&#039;
System info: host: &#039;DELL123&#039;, ip: &#039;127.0.0.1&#039;, os.name: &#039;Windows 8.1&#039;, os.arch: &#039;amd64&#039;, os.version: &#039;6.3&#039;, java.version: &#039;1.8.0_202&#039;
Driver info: driver.version: ChromeDriver
remote stacktrace: Backtrace:
	Ordinal0 [0x00E06463+2188387]
	Ordinal0 [0x00D9E461+1762401]
	Ordinal0 [0x00CB3D78+802168]
	Ordinal0 [0x00CD4E59+937561]
	Ordinal0 [0x00CD0A6C+920172]
	Ordinal0 [0x00CCE331+910129]
	Ordinal0 [0x00D01430+1119280]
	Ordinal0 [0x00D0108A+1118346]
	Ordinal0 [0x00CFC5F6+1099254]
	Ordinal0 [0x00CD6BE0+945120]
	Ordinal0 [0x00CD7AD6+948950]
	GetHandleVerifier [0x010A71F2+2712546]
	GetHandleVerifier [0x0109886D+2652765]
	GetHandleVerifier [0x00E9002A+520730]
	GetHandleVerifier [0x00E8EE06+516086]
	Ordinal0 [0x00DA468B+1787531]
	Ordinal0 [0x00DA8E88+1805960]
	Ordinal0 [0x00DA8F75+1806197]
	Ordinal0 [0x00DB1DF1+1842673]
	BaseThreadInitThunk [0x76A06A14+36]
	RtlInitializeExceptionChain [0x77C5A9EF+143]
	RtlInitializeExceptionChain [0x77C5A9BA+90]
">
      <![CDATA[org.openqa.selenium.SessionNotCreatedException: session not created: This version of ChromeDriver only supports Chrome version 103
Current browser version is 109.0.5414.141 with binary path C:\Program Files\Google\Chrome\Application\chrome.exe
Build info: version: '3.141.59', revision: 'e82be7d358', time: '2018-11-14T08:25:48'
System info: host: 'DELL123', ip: '127.0.0.1', os.name: 'Windows 8.1', os.arch: 'amd64', os.version: '6.3', java.version: '1.8.0_202'
Driver info: driver.version: ChromeDriver
remote stacktrace: Backtrace:
Ordinal0 [0x00E06463+2188387]
Ordinal0 [0x00D9E461+1762401]
Ordinal0 [0x00CB3D78+802168]
Ordinal0 [0x00CD4E59+937561]
Ordinal0 [0x00CD0A6C+920172]
Ordinal0 [0x00CCE331+910129]
Ordinal0 [0x00D01430+1119280]
Ordinal0 [0x00D0108A+1118346]
Ordinal0 [0x00CFC5F6+1099254]
Ordinal0 [0x00CD6BE0+945120]
Ordinal0 [0x00CD7AD6+948950]
GetHandleVerifier [0x010A71F2+2712546]
GetHandleVerifier [0x0109886D+2652765]
GetHandleVerifier [0x00E9002A+520730]
GetHandleVerifier [0x00E8EE06+516086]
Ordinal0 [0x00DA468B+1787531]
Ordinal0 [0x00DA8E88+1805960]
Ordinal0 [0x00DA8F75+1806197]
Ordinal0 [0x00DB1DF1+1842673]
BaseThreadInitThunk [0x76A06A14+36]
RtlInitializeExceptionChain [0x77C5A9EF+143]
RtlInitializeExceptionChain [0x77C5A9BA+90]

at sun.reflect.NativeConstructorAccessorImpl.newInstance0(Native Method)
at sun.reflect.NativeConstructorAccessorImpl.newInstance(Unknown Source)
at sun.reflect.DelegatingConstructorAccessorImpl.newInstance(Unknown Source)
at java.lang.reflect.Constructor.newInstance(Unknown Source)
at org.openqa.selenium.remote.W3CHandshakeResponse.lambda$errorHandler$0(W3CHandshakeResponse.java:62)
at org.openqa.selenium.remote.HandshakeResponse.lambda$getResponseFunction$0(HandshakeResponse.java:30)
at org.openqa.selenium.remote.ProtocolHandshake.lambda$createSession$0(ProtocolHandshake.java:126)
at java.util.stream.ReferencePipeline$3$1.accept(Unknown Source)
at java.util.Spliterators$ArraySpliterator.tryAdvance(Unknown Source)
at java.util.stream.ReferencePipeline.forEachWithCancel(Unknown Source)
at java.util.stream.AbstractPipeline.copyIntoWithCancel(Unknown Source)
at java.util.stream.AbstractPipeline.copyInto(Unknown Source)
at java.util.stream.AbstractPipeline.wrapAndCopyInto(Unknown Source)
at java.util.stream.FindOps$FindOp.evaluateSequential(Unknown Source)
at java.util.stream.AbstractPipeline.evaluate(Unknown Source)
at java.util.stream.ReferencePipeline.findFirst(Unknown Source)
at org.openqa.selenium.remote.ProtocolHandshake.createSession(ProtocolHandshake.java:128)
at org.openqa.selenium.remote.ProtocolHandshake.createSession(ProtocolHandshake.java:74)
at org.openqa.selenium.remote.HttpCommandExecutor.execute(HttpCommandExecutor.java:136)
at org.openqa.selenium.remote.service.DriverCommandExecutor.execute(DriverCommandExecutor.java:83)
at org.openqa.selenium.remote.RemoteWebDriver.execute(RemoteWebDriver.java:552)
at org.openqa.selenium.remote.RemoteWebDriver.startSession(RemoteWebDriver.java:213)
at org.openqa.selenium.remote.RemoteWebDriver.<init>(RemoteWebDriver.java:131)
at org.openqa.selenium.chrome.ChromeDriver.<init>(ChromeDriver.java:181)
at org.openqa.selenium.chrome.ChromeDriver.<init>(ChromeDriver.java:168)
at org.openqa.selenium.chrome.ChromeDriver.<init>(ChromeDriver.java:123)
at Parameterization.Parameterization.TestCaseFour(Parameterization.java:39)
at sun.reflect.NativeMethodAccessorImpl.invoke0(Native Method)
at sun.reflect.NativeMethodAccessorImpl.invoke(Unknown Source)
at sun.reflect.DelegatingMethodAccessorImpl.invoke(Unknown Source)
at java.lang.reflect.Method.invoke(Unknown Source)
at org.testng.internal.MethodInvocationHelper.invokeMethod(MethodInvocationHelper.java:133)
at org.testng.internal.TestInvoker.invokeMethod(TestInvoker.java:598)
at org.testng.internal.TestInvoker.invokeTestMethod(TestInvoker.java:173)
at org.testng.internal.MethodRunner.runInSequence(MethodRunner.java:46)
at org.testng.internal.TestInvoker$MethodInvocationAgent.invoke(TestInvoker.java:824)
at org.testng.internal.TestInvoker.invokeTestMethods(TestInvoker.java:146)
at org.testng.internal.TestMethodWorker.invokeTestMethods(TestMethodWorker.java:146)
at org.testng.internal.TestMethodWorker.run(TestMethodWorker.java:128)
at java.util.ArrayList.forEach(Unknown Source)
at org.testng.TestRunner.privateRun(TestRunner.java:794)
at org.testng.TestRunner.run(TestRunner.java:596)
at org.testng.SuiteRunner.runTest(SuiteRunner.java:377)
at org.testng.SuiteRunner.runSequentially(SuiteRunner.java:371)
at org.testng.SuiteRunner.privateRun(SuiteRunner.java:332)
at org.testng.SuiteRunner.run(SuiteRunner.java:276)
at org.testng.SuiteRunnerWorker.runSuite(SuiteRunnerWorker.java:53)
at org.testng.SuiteRunnerWorker.run(SuiteRunnerWorker.java:96)
at org.testng.TestNG.runSuitesSequentially(TestNG.java:1212)
at org.testng.TestNG.runSuitesLocally(TestNG.java:1134)
at org.testng.TestNG.runSuites(TestNG.java:1063)
at org.testng.TestNG.run(TestNG.java:1031)
at org.testng.remote.AbstractRemoteTestNG.run(AbstractRemoteTestNG.java:115)
at org.testng.remote.RemoteTestNG.initAndRun(RemoteTestNG.java:251)
at org.testng.remote.RemoteTestNG.main(RemoteTestNG.java:77)
]]>
    </error>
  </testcase> <!-- TestCaseFour -->
  <system-out/>
  <testcase name="TestCaseTwo" classname="Parameterization.Parameterization">
    <skipped/>
  </testcase> <!-- TestCaseTwo -->
  <system-out/>
  <testcase name="TestCasethree" classname="Parameterization.Parameterization">
    <skipped/>
  </testcase> <!-- TestCasethree -->
  <system-out/>
  <testcase name="TestCaseone" classname="Parameterization.Parameterization">
    <skipped/>
  </testcase> <!-- TestCaseone -->
  <system-out/>
</testsuite> <!-- Parameterization.Parameterization -->
