<?xml version="1.0" encoding="UTF-8"?>
<!-- Generated by org.testng.reporters.JUnitReportReporter -->
<testsuite skipped="37" hostname="Dell123" name="PracticeScenario.TestDemo" tests="38" failures="0" timestamp="2023-04-24T13:24:41 IST" time="39.157" errors="1">
  <testcase name="TC1" time="39.157" classname="PracticeScenario.TestDemo">
    <error type="org.openqa.selenium.NoSuchElementException" message="no such element: Unable to locate element: {&quot;method&quot;:&quot;xpath&quot;,&quot;selector&quot;:&quot;//a[text()=&#039;Log in&#039;]&quot;}
  (Session info: chrome=109.0.5414.129)
For documentation on this error, please visit: https://www.seleniumhq.org/exceptions/no_such_element.html
Build info: version: &#039;3.141.59&#039;, revision: &#039;e82be7d358&#039;, time: &#039;2018-11-14T08:25:48&#039;
System info: host: &#039;DELL123&#039;, ip: &#039;192.168.240.114&#039;, os.name: &#039;Windows 8.1&#039;, os.arch: &#039;amd64&#039;, os.version: &#039;6.3&#039;, java.version: &#039;1.8.0_202&#039;
Driver info: org.openqa.selenium.chrome.ChromeDriver
Capabilities {acceptInsecureCerts: false, browserName: chrome, browserVersion: 109.0.5414.129, chrome: {chromedriverVersion: 109.0.5414.74 (e7c5703604da..., userDataDir: C:\Users\Basvaraj\AppData\L...}, goog:chromeOptions: {debuggerAddress: localhost:58756}, javascriptEnabled: true, networkConnectionEnabled: false, pageLoadStrategy: normal, platform: WINDOWS, platformName: WINDOWS, proxy: Proxy(), setWindowRect: true, strictFileInteractability: false, timeouts: {implicit: 0, pageLoad: 300000, script: 30000}, unhandledPromptBehavior: dismiss and notify, webauthn:extension:credBlob: true, webauthn:extension:largeBlob: true, webauthn:virtualAuthenticators: true}
Session ID: 6c2b5331068cb82e8d322565b044a97b
*** Element info: {Using=xpath, value=//a[text()=&#039;Log in&#039;]}">
      <![CDATA[org.openqa.selenium.NoSuchElementException: no such element: Unable to locate element: {"method":"xpath","selector":"//a[text()='Log in']"}
  (Session info: chrome=109.0.5414.129)
For documentation on this error, please visit: https://www.seleniumhq.org/exceptions/no_such_element.html
Build info: version: '3.141.59', revision: 'e82be7d358', time: '2018-11-14T08:25:48'
System info: host: 'DELL123', ip: '192.168.240.114', os.name: 'Windows 8.1', os.arch: 'amd64', os.version: '6.3', java.version: '1.8.0_202'
Driver info: org.openqa.selenium.chrome.ChromeDriver
Capabilities {acceptInsecureCerts: false, browserName: chrome, browserVersion: 109.0.5414.129, chrome: {chromedriverVersion: 109.0.5414.74 (e7c5703604da..., userDataDir: C:\Users\Basvaraj\AppData\L...}, goog:chromeOptions: {debuggerAddress: localhost:58756}, javascriptEnabled: true, networkConnectionEnabled: false, pageLoadStrategy: normal, platform: WINDOWS, platformName: WINDOWS, proxy: Proxy(), setWindowRect: true, strictFileInteractability: false, timeouts: {implicit: 0, pageLoad: 300000, script: 30000}, unhandledPromptBehavior: dismiss and notify, webauthn:extension:credBlob: true, webauthn:extension:largeBlob: true, webauthn:virtualAuthenticators: true}
Session ID: 6c2b5331068cb82e8d322565b044a97b
*** Element info: {Using=xpath, value=//a[text()='Log in']}
at sun.reflect.NativeConstructorAccessorImpl.newInstance0(Native Method)
at sun.reflect.NativeConstructorAccessorImpl.newInstance(Unknown Source)
at sun.reflect.DelegatingConstructorAccessorImpl.newInstance(Unknown Source)
at java.lang.reflect.Constructor.newInstance(Unknown Source)
at org.openqa.selenium.remote.http.W3CHttpResponseCodec.createException(W3CHttpResponseCodec.java:187)
at org.openqa.selenium.remote.http.W3CHttpResponseCodec.decode(W3CHttpResponseCodec.java:122)
at org.openqa.selenium.remote.http.W3CHttpResponseCodec.decode(W3CHttpResponseCodec.java:49)
at org.openqa.selenium.remote.HttpCommandExecutor.execute(HttpCommandExecutor.java:158)
at org.openqa.selenium.remote.service.DriverCommandExecutor.execute(DriverCommandExecutor.java:83)
at org.openqa.selenium.remote.RemoteWebDriver.execute(RemoteWebDriver.java:552)
at org.openqa.selenium.remote.RemoteWebDriver.findElement(RemoteWebDriver.java:323)
at org.openqa.selenium.remote.RemoteWebDriver.findElementByXPath(RemoteWebDriver.java:428)
at org.openqa.selenium.By$ByXPath.findElement(By.java:353)
at org.openqa.selenium.remote.RemoteWebDriver.findElement(RemoteWebDriver.java:315)
at PracticeScenario.TestDemo.TC1(TestDemo.java:907)
at sun.reflect.NativeMethodAccessorImpl.invoke0(Native Method)
at sun.reflect.NativeMethodAccessorImpl.invoke(Unknown Source)
at sun.reflect.DelegatingMethodAccessorImpl.invoke(Unknown Source)
at java.lang.reflect.Method.invoke(Unknown Source)
at org.testng.internal.MethodInvocationHelper.invokeMethod(MethodInvocationHelper.java:133)
at org.testng.internal.TestInvoker.invokeMethod(TestInvoker.java:598)
at org.testng.internal.TestInvoker.invokeTestMethod(TestInvoker.java:173)
at org.testng.internal.MethodRunner.runInSequence(MethodRunner.java:46)
at org.testng.internal.TestInvoker$MethodInvocationAgent.invoke(TestInvoker.java:824)
at org.testng.internal.TestInvoker.invokeTestMethods(TestInvoker.java:146)
at org.testng.internal.TestMethodWorker.invokeTestMethods(TestMethodWorker.java:146)
at org.testng.internal.TestMethodWorker.run(TestMethodWorker.java:128)
at java.util.ArrayList.forEach(Unknown Source)
at org.testng.TestRunner.privateRun(TestRunner.java:794)
at org.testng.TestRunner.run(TestRunner.java:596)
at org.testng.SuiteRunner.runTest(SuiteRunner.java:377)
at org.testng.SuiteRunner.runSequentially(SuiteRunner.java:371)
at org.testng.SuiteRunner.privateRun(SuiteRunner.java:332)
at org.testng.SuiteRunner.run(SuiteRunner.java:276)
at org.testng.SuiteRunnerWorker.runSuite(SuiteRunnerWorker.java:53)
at org.testng.SuiteRunnerWorker.run(SuiteRunnerWorker.java:96)
at org.testng.TestNG.runSuitesSequentially(TestNG.java:1212)
at org.testng.TestNG.runSuitesLocally(TestNG.java:1134)
at org.testng.TestNG.runSuites(TestNG.java:1063)
at org.testng.TestNG.run(TestNG.java:1031)
at org.testng.remote.AbstractRemoteTestNG.run(AbstractRemoteTestNG.java:115)
at org.testng.remote.RemoteTestNG.initAndRun(RemoteTestNG.java:251)
at org.testng.remote.RemoteTestNG.main(RemoteTestNG.java:77)
]]>
    </error>
  </testcase> <!-- TC1 -->
  <system-out/>
  <testcase name="Assertion" classname="PracticeScenario.TestDemo">
    <skipped/>
  </testcase> <!-- Assertion -->
  <system-out/>
  <testcase name="sliderByPawanSir" classname="PracticeScenario.TestDemo">
    <skipped/>
  </testcase> <!-- sliderByPawanSir -->
  <system-out/>
  <testcase name="webTableHandlingByPawanSir" classname="PracticeScenario.TestDemo">
    <skipped/>
  </testcase> <!-- webTableHandlingByPawanSir -->
  <system-out/>
  <testcase name="HardAssertUse" classname="PracticeScenario.TestDemo">
    <skipped/>
  </testcase> <!-- HardAssertUse -->
  <system-out/>
  <testcase name="fileyUploadingWithJavascriptExecutorByPawanSir" classname="PracticeScenario.TestDemo">
    <skipped/>
  </testcase> <!-- fileyUploadingWithJavascriptExecutorByPawanSir -->
  <system-out/>
  <testcase name="multiKeyboardAction" classname="PracticeScenario.TestDemo">
    <skipped/>
  </testcase> <!-- multiKeyboardAction -->
  <system-out/>
  <testcase name="validateTextBy" classname="PracticeScenario.TestDemo">
    <skipped/>
  </testcase> <!-- validateTextBy -->
  <system-out/>
  <testcase name="ScrollDownByJavaScriptExecutor" classname="PracticeScenario.TestDemo">
    <skipped/>
  </testcase> <!-- ScrollDownByJavaScriptExecutor -->
  <system-out/>
  <testcase name="allConditionalMethod" classname="PracticeScenario.TestDemo">
    <skipped/>
  </testcase> <!-- allConditionalMethod -->
  <system-out/>
  <testcase name="handleCheckboxByPawanSir" classname="PracticeScenario.TestDemo">
    <skipped/>
  </testcase> <!-- handleCheckboxByPawanSir -->
  <system-out/>
  <testcase name="rightclickByPawanSir" classname="PracticeScenario.TestDemo">
    <skipped/>
  </testcase> <!-- rightclickByPawanSir -->
  <system-out/>
  <testcase name="LinkTextandPartialLinkText" classname="PracticeScenario.TestDemo">
    <skipped/>
  </testcase> <!-- LinkTextandPartialLinkText -->
  <system-out/>
  <testcase name="allTheLinkOnWebApplication" classname="PracticeScenario.TestDemo">
    <skipped/>
  </testcase> <!-- allTheLinkOnWebApplication -->
  <system-out/>
  <testcase name="fileUploadByWithSendkeysByPawanSir" classname="PracticeScenario.TestDemo">
    <skipped/>
  </testcase> <!-- fileUploadByWithSendkeysByPawanSir -->
  <system-out/>
  <testcase name="mouseHoverWithClickByPawanSir" classname="PracticeScenario.TestDemo">
    <skipped/>
  </testcase> <!-- mouseHoverWithClickByPawanSir -->
  <system-out/>
  <testcase name="fileUploadByWithRobotClassByPawanSir" classname="PracticeScenario.TestDemo">
    <skipped/>
  </testcase> <!-- fileUploadByWithRobotClassByPawanSir -->
  <system-out/>
  <testcase name="handlingAutoSuggetionPopupwithPOM" classname="PracticeScenario.TestDemo">
    <skipped/>
  </testcase> <!-- handlingAutoSuggetionPopupwithPOM -->
  <system-out/>
  <testcase name="useOfJavaScriptExecutorUtilDrawBorder" classname="PracticeScenario.TestDemo">
    <skipped/>
  </testcase> <!-- useOfJavaScriptExecutorUtilDrawBorder -->
  <system-out/>
  <testcase name="doubletClickByPawanSir" classname="PracticeScenario.TestDemo">
    <skipped/>
  </testcase> <!-- doubletClickByPawanSir -->
  <system-out/>
  <testcase name="keyboardaction" classname="PracticeScenario.TestDemo">
    <skipped/>
  </testcase> <!-- keyboardaction -->
  <system-out/>
  <testcase name="writingTheScriptInPOM" classname="PracticeScenario.TestDemo">
    <skipped/>
  </testcase> <!-- writingTheScriptInPOM -->
  <system-out/>
  <testcase name="identifyLogoField" classname="PracticeScenario.TestDemo">
    <skipped/>
  </testcase> <!-- identifyLogoField -->
  <system-out/>
  <testcase name="allNavigationCommand" classname="PracticeScenario.TestDemo">
    <skipped/>
  </testcase> <!-- allNavigationCommand -->
  <system-out/>
  <testcase name="checkBoxScenarioQuestion" classname="PracticeScenario.TestDemo">
    <skipped/>
  </testcase> <!-- checkBoxScenarioQuestion -->
  <system-out/>
  <testcase name="dragAndDropByPawanSir" classname="PracticeScenario.TestDemo">
    <skipped/>
  </testcase> <!-- dragAndDropByPawanSir -->
  <system-out/>
  <testcase name="calenderTableHandlingByPawanSir" classname="PracticeScenario.TestDemo">
    <skipped/>
  </testcase> <!-- calenderTableHandlingByPawanSir -->
  <system-out/>
  <testcase name="getTextIsNotWorking" classname="PracticeScenario.TestDemo">
    <skipped/>
  </testcase> <!-- getTextIsNotWorking -->
  <system-out/>
  <testcase name="handlingAutoSuggetionPopups" classname="PracticeScenario.TestDemo">
    <skipped/>
  </testcase> <!-- handlingAutoSuggetionPopups -->
  <system-out/>
  <testcase name="useOfJavaScriptErUtilDrawBorder" classname="PracticeScenario.TestDemo">
    <skipped/>
  </testcase> <!-- useOfJavaScriptErUtilDrawBorder -->
  <system-out/>
  <testcase name="reusableLoginMethodUse" classname="PracticeScenario.TestDemo">
    <skipped/>
  </testcase> <!-- reusableLoginMethodUse -->
  <system-out/>
  <testcase name="iframe" classname="PracticeScenario.TestDemo">
    <skipped/>
  </testcase> <!-- iframe -->
  <system-out/>
  <testcase name="capturingScreenShotByPawanSir" classname="PracticeScenario.TestDemo">
    <skipped/>
  </testcase> <!-- capturingScreenShotByPawanSir -->
  <system-out/>
  <testcase name="toolTipByPawanSir" classname="PracticeScenario.TestDemo">
    <skipped/>
  </testcase> <!-- toolTipByPawanSir -->
  <system-out/>
  <testcase name="validateText" classname="PracticeScenario.TestDemo">
    <skipped/>
  </testcase> <!-- validateText -->
  <system-out/>
  <testcase name="multiKeybrdAcon" classname="PracticeScenario.TestDemo">
    <skipped/>
  </testcase> <!-- multiKeybrdAcon -->
  <system-out/>
  <testcase name="validateTextByPagesourceMethod" classname="PracticeScenario.TestDemo">
    <skipped/>
  </testcase> <!-- validateTextByPagesourceMethod -->
  <system-out/>
  <testcase name="SoftAssertion" classname="PracticeScenario.TestDemo">
    <skipped/>
  </testcase> <!-- SoftAssertion -->
  <system-out/>
</testsuite> <!-- PracticeScenario.TestDemo -->
